\BOOKMARK [1][-]{section.1}{Introduction}{}% 1
\BOOKMARK [2][-]{subsection.1.1}{Background}{section.1}% 2
\BOOKMARK [2][-]{subsection.1.2}{Project Motivation}{section.1}% 3
\BOOKMARK [2][-]{subsection.1.3}{Statement}{section.1}% 4
\BOOKMARK [1][-]{section.2}{Summary}{}% 5
\BOOKMARK [1][-]{section.3}{Product Design}{}% 6
\BOOKMARK [2][-]{subsection.3.1}{Problem Definition}{section.3}% 7
\BOOKMARK [3][-]{subsubsection.3.1.1}{Customer requirements\(CR\)}{subsection.3.1}% 8
\BOOKMARK [3][-]{subsubsection.3.1.2}{Engineer Specification\(ES\)}{subsection.3.1}% 9
\BOOKMARK [3][-]{subsubsection.3.1.3}{Qualify Function Development\(QFD\)}{subsection.3.1}% 10
\BOOKMARK [3][-]{subsubsection.3.1.4}{Product Design Specifications \(PDS\)}{subsection.3.1}% 11
\BOOKMARK [2][-]{subsection.3.2}{Concept Selection}{section.3}% 12
\BOOKMARK [3][-]{subsubsection.3.2.1}{Go/no-go Screening}{subsection.3.2}% 13
\BOOKMARK [2][-]{subsection.3.3}{Embodiment Design}{section.3}% 14
\BOOKMARK [1][-]{section.4}{Manufacturing}{}% 15
\BOOKMARK [2][-]{subsection.4.1}{Prototype}{section.4}% 16
\BOOKMARK [2][-]{subsection.4.2}{Production}{section.4}% 17
\BOOKMARK [1][-]{section.5}{Cost}{}% 18
\BOOKMARK [2][-]{subsection.5.1}{Prototype}{section.5}% 19
\BOOKMARK [2][-]{subsection.5.2}{Production}{section.5}% 20
\BOOKMARK [1][-]{section.6}{Discussion}{}% 21
\BOOKMARK [2][-]{subsection.6.1}{Design}{section.6}% 22
\BOOKMARK [2][-]{subsection.6.2}{Manufacturing}{section.6}% 23
\BOOKMARK [2][-]{subsection.6.3}{Testing}{section.6}% 24
\BOOKMARK [2][-]{subsection.6.4}{Reflections \046 Recommendations}{section.6}% 25
\BOOKMARK [1][-]{section.7}{References}{}% 26
\BOOKMARK [1][-]{section.8}{Acknowledgements}{}% 27
\BOOKMARK [1][-]{section.9}{Appendix}{}% 28
