This is pdfTeX, Version 3.1415926-1.40.10 (MiKTeX 2.8) (preloaded format=pdflatex 2019.7.31)  7 AUG 2019 00:07
entering extended mode
**Group*1*Final*Report.tex
("D:\VM250\Final report\Group 1 Final Report.tex"
LaTeX2e <2011/06/27>
Babel <v3.8m> and hyphenation patterns for english, dumylang, nohyphenation, ge
rman, ngerman, german-x-2009-06-19, ngerman-x-2009-06-19, french, loaded.
(D:\CTex\MiKTeX\tex\latex\base\article.cls
Document Class: article 2007/10/19 v1.4h Standard LaTeX document class
(D:\CTex\MiKTeX\tex\latex\base\size10.clo
File: size10.clo 2007/10/19 v1.4h Standard LaTeX file (size option)
)
\c@part=\count79
\c@section=\count80
\c@subsection=\count81
\c@subsubsection=\count82
\c@paragraph=\count83
\c@subparagraph=\count84
\c@figure=\count85
\c@table=\count86
\abovecaptionskip=\skip41
\belowcaptionskip=\skip42
\bibindent=\dimen102
)
(D:\CTex\MiKTeX\tex\latex\tools\enumerate.sty
Package: enumerate 1999/03/05 v3.00 enumerate extensions (DPC)
\@enLab=\toks14
)
(D:\CTex\MiKTeX\tex\latex\ams\math\amsmath.sty
Package: amsmath 2000/07/18 v2.13 AMS math features
\@mathmargin=\skip43

For additional information on amsmath, use the `?' option.
(D:\CTex\MiKTeX\tex\latex\ams\math\amstext.sty
Package: amstext 2000/06/29 v2.01

(D:\CTex\MiKTeX\tex\latex\ams\math\amsgen.sty
File: amsgen.sty 1999/11/30 v2.0
\@emptytoks=\toks15
\ex@=\dimen103
))
(D:\CTex\MiKTeX\tex\latex\ams\math\amsbsy.sty
Package: amsbsy 1999/11/29 v1.2d
\pmbraise@=\dimen104
)
(D:\CTex\MiKTeX\tex\latex\ams\math\amsopn.sty
Package: amsopn 1999/12/14 v2.01 operator names
)
\inf@bad=\count87
LaTeX Info: Redefining \frac on input line 211.
\uproot@=\count88
\leftroot@=\count89
LaTeX Info: Redefining \overline on input line 307.
\classnum@=\count90
\DOTSCASE@=\count91
LaTeX Info: Redefining \ldots on input line 379.
LaTeX Info: Redefining \dots on input line 382.
LaTeX Info: Redefining \cdots on input line 467.
\Mathstrutbox@=\box26
\strutbox@=\box27
\big@size=\dimen105
LaTeX Font Info:    Redeclaring font encoding OML on input line 567.
LaTeX Font Info:    Redeclaring font encoding OMS on input line 568.
\macc@depth=\count92
\c@MaxMatrixCols=\count93
\dotsspace@=\muskip10
\c@parentequation=\count94
\dspbrk@lvl=\count95
\tag@help=\toks16
\row@=\count96
\column@=\count97
\maxfields@=\count98
\andhelp@=\toks17
\eqnshift@=\dimen106
\alignsep@=\dimen107
\tagshift@=\dimen108
\tagwidth@=\dimen109
\totwidth@=\dimen110
\lineht@=\dimen111
\@envbody=\toks18
\multlinegap=\skip44
\multlinetaggap=\skip45
\mathdisplay@stack=\toks19
LaTeX Info: Redefining \[ on input line 2666.
LaTeX Info: Redefining \] on input line 2667.
)
(D:\CTex\MiKTeX\tex\latex\amsfonts\amssymb.sty
Package: amssymb 2009/06/22 v3.00

(D:\CTex\MiKTeX\tex\latex\amsfonts\amsfonts.sty
Package: amsfonts 2009/06/22 v3.00 Basic AMSFonts support
\symAMSa=\mathgroup4
\symAMSb=\mathgroup5
LaTeX Font Info:    Overwriting math alphabet `\mathfrak' in version `bold'
(Font)                  U/euf/m/n --> U/euf/b/n on input line 96.
))
(D:\CTex\MiKTeX\tex\latex\graphics\graphicx.sty
Package: graphicx 1999/02/16 v1.0f Enhanced LaTeX Graphics (DPC,SPQR)

(D:\CTex\MiKTeX\tex\latex\graphics\keyval.sty
Package: keyval 1999/03/16 v1.13 key=value parser (DPC)
\KV@toks@=\toks20
)
(D:\CTex\MiKTeX\tex\latex\graphics\graphics.sty
Package: graphics 2009/02/05 v1.0o Standard LaTeX Graphics (DPC,SPQR)

(D:\CTex\MiKTeX\tex\latex\graphics\trig.sty
Package: trig 1999/03/16 v1.09 sin cos tan (DPC)
)
(D:\CTex\MiKTeX\tex\latex\00miktex\graphics.cfg
File: graphics.cfg 2007/01/18 v1.5 graphics configuration of teTeX/TeXLive
)
Package graphics Info: Driver file: pdftex.def on input line 91.

(D:\CTex\MiKTeX\tex\latex\pdftex-def\pdftex.def
File: pdftex.def 2011/05/27 v0.06d Graphics/color for pdfTeX

(D:\CTex\MiKTeX\tex\generic\oberdiek\infwarerr.sty
Package: infwarerr 2010/04/08 v1.3 Providing info/warning/message (HO)
)
(D:\CTex\MiKTeX\tex\generic\oberdiek\ltxcmds.sty
Package: ltxcmds 2011/04/18 v1.20 LaTeX kernel commands for general use (HO)
)
\Gread@gobject=\count99
))
\Gin@req@height=\dimen112
\Gin@req@width=\dimen113
)
(D:\CTex\MiKTeX\tex\latex\subfigure\subfigure.sty
Package: subfigure 2002/07/30 v2.1.4 subfigure package
\subfigtopskip=\skip46
\subfigcapskip=\skip47
\subfigcaptopadj=\dimen114
\subfigbottomskip=\skip48
\subfigcapmargin=\dimen115
\subfiglabelskip=\skip49
\c@subfigure=\count100
\c@lofdepth=\count101
\c@subtable=\count102
\c@lotdepth=\count103

****************************************
* Local config file subfigure.cfg used *
****************************************
(D:\CTex\MiKTeX\tex\latex\subfigure\subfigure.cfg)
\subfig@top=\skip50
\subfig@bottom=\skip51
)
(D:\CTex\MiKTeX\tex\latex\geometry\geometry.sty
Package: geometry 2010/09/12 v5.6 Page Geometry

(D:\CTex\MiKTeX\tex\generic\oberdiek\ifpdf.sty
Package: ifpdf 2011/01/30 v2.3 Provides the ifpdf switch (HO)
Package ifpdf Info: pdfTeX in PDF mode is detected.
)
(D:\CTex\MiKTeX\tex\generic\oberdiek\ifvtex.sty
Package: ifvtex 2010/03/01 v1.5 Switches for detecting VTeX and its modes (HO)
Package ifvtex Info: VTeX not detected.
)
(D:\CTex\MiKTeX\tex\generic\ifxetex\ifxetex.sty
Package: ifxetex 2010/09/12 v0.6 Provides ifxetex conditional
)
\Gm@cnth=\count104
\Gm@cntv=\count105
\c@Gm@tempcnt=\count106
\Gm@bindingoffset=\dimen116
\Gm@wd@mp=\dimen117
\Gm@odd@mp=\dimen118
\Gm@even@mp=\dimen119
\Gm@layoutwidth=\dimen120
\Gm@layoutheight=\dimen121
\Gm@layouthoffset=\dimen122
\Gm@layoutvoffset=\dimen123
\Gm@dimlist=\toks21

(D:\CTex\MiKTeX\tex\latex\geometry\geometry.cfg))
(D:\CTex\MiKTeX\tex\latex\graphics\color.sty
Package: color 2005/11/14 v1.0j Standard LaTeX Color (DPC)

(D:\CTex\MiKTeX\tex\latex\00miktex\color.cfg
File: color.cfg 2007/01/18 v1.5 color configuration of teTeX/TeXLive
)
Package color Info: Driver file: pdftex.def on input line 130.
)
(D:\CTex\MiKTeX\tex\latex\tools\bm.sty
Package: bm 2004/02/26 v1.1c Bold Symbol Support (DPC/FMi)
\symboldoperators=\mathgroup6
\symboldletters=\mathgroup7
\symboldsymbols=\mathgroup8
LaTeX Font Info:    Redeclaring math alphabet \mathbf on input line 138.
LaTeX Info: Redefining \bm on input line 204.
)
(D:\CTex\MiKTeX\tex\latex\tools\indentfirst.sty
Package: indentfirst 1995/11/23 v1.03 Indent first paragraph (DPC)
)
(D:\CTex\MiKTeX\tex\latex\multirow\multirow.sty
\bigstrutjot=\dimen124
)
(D:\CTex\MiKTeX\tex\latex\hyperref\hyperref.sty
Package: hyperref 2011/12/04 v6.82m Hypertext links for LaTeX

(D:\CTex\MiKTeX\tex\generic\oberdiek\hobsub-hyperref.sty
Package: hobsub-hyperref 2011/04/23 v1.4 Bundle oberdiek, subset hyperref (HO)

(D:\CTex\MiKTeX\tex\generic\oberdiek\hobsub-generic.sty
Package: hobsub-generic 2011/04/23 v1.4 Bundle oberdiek, subset generic (HO)
Package: hobsub 2011/04/23 v1.4 Subsetting bundle oberdiek (HO)
Package hobsub Info: Skipping package `infwarerr' (already loaded).
Package hobsub Info: Skipping package `ltxcmds' (already loaded).
Package: ifluatex 2010/03/01 v1.3 Provides the ifluatex switch (HO)
Package ifluatex Info: LuaTeX not detected.
Package hobsub Info: Skipping package `ifvtex' (already loaded).
Package: intcalc 2007/09/27 v1.1 Expandable integer calculations (HO)
Package hobsub Info: Skipping package `ifpdf' (already loaded).
Package: etexcmds 2011/02/16 v1.5 Prefix for e-TeX command names (HO)
Package etexcmds Info: Could not find \expanded.
(etexcmds)             That can mean that you are not using pdfTeX 1.50 or
(etexcmds)             that some package has redefined \expanded.
(etexcmds)             In the latter case, load this package earlier.
Package: kvsetkeys 2011/04/07 v1.13 Key value parser (HO)
Package: kvdefinekeys 2011/04/07 v1.3 Defining keys (HO)
Package: pdftexcmds 2011/04/22 v0.16 Utilities of pdfTeX for LuaTeX (HO)
Package pdftexcmds Info: LuaTeX not detected.
Package pdftexcmds Info: \pdf@primitive is available.
Package pdftexcmds Info: \pdf@ifprimitive is available.
Package pdftexcmds Info: \pdfdraftmode found.
Package: pdfescape 2011/04/04 v1.12 Provides string conversions (HO)
Package: bigintcalc 2011/01/30 v1.2 Expandable big integer calculations (HO)
Package: bitset 2011/01/30 v1.1 Data type bit set (HO)
Package: uniquecounter 2011/01/30 v1.2 Provides unlimited unique counter (HO)
)
Package hobsub Info: Skipping package `hobsub' (already loaded).
Package: letltxmacro 2010/09/02 v1.4 Let assignment for LaTeX macros (HO)
Package: hopatch 2011/01/30 v1.0 Wrapper for package hooks (HO)
Package: xcolor-patch 2011/01/30 xcolor patch
Package: atveryend 2011/04/23 v1.7 Hooks at very end of document (HO)
Package: atbegshi 2011/01/30 v1.15 At begin shipout hook (HO)
Package: refcount 2010/12/01 v3.2 Data extraction from references (HO)
Package: hycolor 2011/01/30 v1.7 Color options of hyperref/bookmark (HO)
)
(D:\CTex\MiKTeX\tex\latex\oberdiek\kvoptions.sty
Package: kvoptions 2010/12/23 v3.10 Keyval support for LaTeX options (HO)
)
\@linkdim=\dimen125
\Hy@linkcounter=\count107
\Hy@pagecounter=\count108

(D:\CTex\MiKTeX\tex\latex\hyperref\pd1enc.def
File: pd1enc.def 2011/12/04 v6.82m Hyperref: PDFDocEncoding definition (HO)
)
\Hy@SavedSpaceFactor=\count109

(D:\CTex\MiKTeX\tex\latex\00miktex\hyperref.cfg
File: hyperref.cfg 2002/06/06 v1.2 hyperref configuration of TeXLive
)
Package hyperref Info: Hyper figures OFF on input line 4046.
Package hyperref Info: Link nesting OFF on input line 4051.
Package hyperref Info: Hyper index ON on input line 4054.
Package hyperref Info: Plain pages OFF on input line 4061.
Package hyperref Info: Backreferencing OFF on input line 4066.
Package hyperref Info: Implicit mode ON; LaTeX internals redefined.
Package hyperref Info: Bookmarks ON on input line 4284.
\c@Hy@tempcnt=\count110

(D:\CTex\MiKTeX\tex\latex\ltxmisc\url.sty
\Urlmuskip=\muskip11
Package: url 2006/04/12  ver 3.3  Verb mode for urls, etc.
)
LaTeX Info: Redefining \url on input line 4637.
\Fld@menulength=\count111
\Field@Width=\dimen126
\Fld@charsize=\dimen127
Package hyperref Info: Hyper figures OFF on input line 5757.
Package hyperref Info: Link nesting OFF on input line 5762.
Package hyperref Info: Hyper index ON on input line 5765.
Package hyperref Info: backreferencing OFF on input line 5772.
Package hyperref Info: Link coloring OFF on input line 5777.
Package hyperref Info: Link coloring with OCG OFF on input line 5782.
Package hyperref Info: PDF/A mode OFF on input line 5787.
LaTeX Info: Redefining \ref on input line 5827.
LaTeX Info: Redefining \pageref on input line 5831.
\Hy@abspage=\count112
\c@Item=\count113
\c@Hfootnote=\count114
)

Package hyperref Message: Driver (autodetected): hpdftex.

(D:\CTex\MiKTeX\tex\latex\hyperref\hpdftex.def
File: hpdftex.def 2011/12/04 v6.82m Hyperref driver for pdfTeX
\Fld@listcount=\count115
\c@bookmark@seq@number=\count116

(D:\CTex\MiKTeX\tex\latex\oberdiek\rerunfilecheck.sty
Package: rerunfilecheck 2011/04/15 v1.7 Rerun checks for auxiliary files (HO)
Package uniquecounter Info: New unique counter `rerunfilecheck' on input line 2
82.
)
\Hy@SectionHShift=\skip52
)
(D:\CTex\MiKTeX\tex\latex\listings\listings.sty
\lst@mode=\count117
\lst@gtempboxa=\box28
\lst@token=\toks22
\lst@length=\count118
\lst@currlwidth=\dimen128
\lst@column=\count119
\lst@pos=\count120
\lst@lostspace=\dimen129
\lst@width=\dimen130
\lst@newlines=\count121
\lst@lineno=\count122
\lst@maxwidth=\dimen131

(D:\CTex\MiKTeX\tex\latex\listings\lstmisc.sty
File: lstmisc.sty 2007/02/22 1.4 (Carsten Heinz)
\c@lstnumber=\count123
\lst@skipnumbers=\count124
\lst@framebox=\box29
)
(D:\CTex\MiKTeX\tex\latex\listings\listings.cfg
File: listings.cfg 2007/02/22 1.4 listings configuration
))
Package: listings 2007/02/22 1.4 (Carsten Heinz)

(D:\CTex\MiKTeX\tex\latex\xcolor\xcolor.sty
Package: xcolor 2007/01/21 v2.11 LaTeX color extensions (UK)

(D:\CTex\MiKTeX\tex\latex\00miktex\color.cfg
File: color.cfg 2007/01/18 v1.5 color configuration of teTeX/TeXLive
)
Package xcolor Info: Driver file: pdftex.def on input line 225.
LaTeX Info: Redefining \color on input line 702.
Package xcolor Info: Model `cmy' substituted by `cmy0' on input line 1337.
Package xcolor Info: Model `hsb' substituted by `rgb' on input line 1341.
Package xcolor Info: Model `RGB' extended on input line 1353.
Package xcolor Info: Model `HTML' substituted by `rgb' on input line 1355.
Package xcolor Info: Model `Hsb' substituted by `hsb' on input line 1356.
Package xcolor Info: Model `tHsb' substituted by `hsb' on input line 1357.
Package xcolor Info: Model `HSB' substituted by `hsb' on input line 1358.
Package xcolor Info: Model `Gray' substituted by `gray' on input line 1359.
Package xcolor Info: Model `wave' substituted by `hsb' on input line 1360.
)
(D:\CTex\MiKTeX\tex\latex\float\float.sty
Package: float 2001/11/08 v1.3d Float enhancements (AL)
\c@float@type=\count125
\float@exts=\toks23
\float@box=\box30
\@float@everytoks=\toks24
\@floatcapt=\box31
)
(D:\CTex\MiKTeX\tex\latex\tools\array.sty
Package: array 2008/09/09 v2.4c Tabular extension package (FMi)
\col@sep=\dimen132
\extrarowheight=\dimen133
\NC@list=\toks25
\extratabsurround=\skip53
\backup@length=\skip54
)
(D:\CTex\MiKTeX\tex\latex\listings\lstlang1.sty
File: lstlang1.sty 2004/09/05 1.3 listings language file
)
(D:\CTex\MiKTeX\tex\latex\listings\lstmisc.sty
File: lstmisc.sty 2007/02/22 1.4 (Carsten Heinz)
)
("D:\VM250\Final report\Group 1 Final Report.aux")
LaTeX Font Info:    Checking defaults for OML/cmm/m/it on input line 36.
LaTeX Font Info:    ... okay on input line 36.
LaTeX Font Info:    Checking defaults for T1/cmr/m/n on input line 36.
LaTeX Font Info:    ... okay on input line 36.
LaTeX Font Info:    Checking defaults for OT1/cmr/m/n on input line 36.
LaTeX Font Info:    ... okay on input line 36.
LaTeX Font Info:    Checking defaults for OMS/cmsy/m/n on input line 36.
LaTeX Font Info:    ... okay on input line 36.
LaTeX Font Info:    Checking defaults for OMX/cmex/m/n on input line 36.
LaTeX Font Info:    ... okay on input line 36.
LaTeX Font Info:    Checking defaults for U/cmr/m/n on input line 36.
LaTeX Font Info:    ... okay on input line 36.
LaTeX Font Info:    Checking defaults for PD1/pdf/m/n on input line 36.
LaTeX Font Info:    ... okay on input line 36.

(D:\CTex\MiKTeX\tex\context\base\supp-pdf.mkii
[Loading MPS to PDF converter (version 2006.09.02).]
\scratchcounter=\count126
\scratchdimen=\dimen134
\scratchbox=\box32
\nofMPsegments=\count127
\nofMParguments=\count128
\everyMPshowfont=\toks26
\MPscratchCnt=\count129
\MPscratchDim=\dimen135
\MPnumerator=\count130
\makeMPintoPDFobject=\count131
\everyMPtoPDFconversion=\toks27
)
*geometry* driver: auto-detecting
*geometry* detected driver: pdftex
*geometry* verbose mode - [ preamble ] result:
* driver: pdftex
* paper: <default>
* layout: <same size as paper>
* layoutoffset:(h,v)=(0.0pt,0.0pt)
* modes: 
* h-part:(L,W,R)=(92.14519pt, 430.00462pt, 92.14519pt)
* v-part:(T,H,B)=(95.39737pt, 556.47656pt, 143.09605pt)
* \paperwidth=614.295pt
* \paperheight=794.96999pt
* \textwidth=430.00462pt
* \textheight=556.47656pt
* \oddsidemargin=19.8752pt
* \evensidemargin=19.8752pt
* \topmargin=-13.87262pt
* \headheight=12.0pt
* \headsep=25.0pt
* \topskip=10.0pt
* \footskip=30.0pt
* \marginparwidth=65.0pt
* \marginparsep=11.0pt
* \columnsep=10.0pt
* \skip\footins=9.0pt plus 4.0pt minus 2.0pt
* \hoffset=0.0pt
* \voffset=0.0pt
* \mag=1000
* \@twocolumnfalse
* \@twosidefalse
* \@mparswitchfalse
* \@reversemarginfalse
* (1in=72.27pt=25.4mm, 1cm=28.453pt)

\AtBeginShipoutBox=\box33
Package hyperref Info: Link coloring OFF on input line 36.
(D:\CTex\MiKTeX\tex\latex\hyperref\nameref.sty
Package: nameref 2010/04/30 v2.40 Cross-referencing by name of section

(D:\CTex\MiKTeX\tex\generic\oberdiek\gettitlestring.sty
Package: gettitlestring 2010/12/03 v1.4 Cleanup title references (HO)
)
\c@section@level=\count132
)
LaTeX Info: Redefining \ref on input line 36.
LaTeX Info: Redefining \pageref on input line 36.
LaTeX Info: Redefining \nameref on input line 36.

("D:\VM250\Final report\Group 1 Final Report.out")
("D:\VM250\Final report\Group 1 Final Report.out")
\@outlinefile=\write3
\c@lstlisting=\count133

<Images/logo.png, id=115, 292.09125pt x 60.225pt>
File: Images/logo.png Graphic file (type png)
 <use Images/logo.png>
Package pdftex.def Info: Images/logo.png used on input line 45.
(pdftex.def)             Requested size: 170.71652pt x 35.20068pt.

<Images/Car1.png, id=117, 850.17625pt x 854.19125pt>
File: Images/Car1.png Graphic file (type png)
 <use Images/Car1.png>
Package pdftex.def Info: Images/Car1.png used on input line 60.
(pdftex.def)             Requested size: 199.16928pt x 200.10934pt.
LaTeX Font Info:    Try loading font information for U+msa on input line 82.

(D:\CTex\MiKTeX\tex\latex\amsfonts\umsa.fd
File: umsa.fd 2009/06/22 v3.00 AMS symbols A
)
LaTeX Font Info:    Try loading font information for U+msb on input line 82.

(D:\CTex\MiKTeX\tex\latex\amsfonts\umsb.fd
File: umsb.fd 2009/06/22 v3.00 AMS symbols B
) [1

{D:/CTex/UserData/pdftex/config/pdftex.map{Unicode.sfd}{UGBK.sfd}} <D:/VM250/Fi
nal report/Images/logo.png> <D:/VM250/Final report/Images/Car1.png>]
("D:\VM250\Final report\Group 1 Final Report.toc")
\tf@toc=\write4
 [2]
<Images/treb.jpg, id=162, 376.40625pt x 282.30469pt>
File: Images/treb.jpg Graphic file (type jpg)
 <use Images/treb.jpg>
Package pdftex.def Info: Images/treb.jpg used on input line 114.
(pdftex.def)             Requested size: 258.00539pt x 193.51538pt.
LaTeX Font Info:    Try loading font information for OMS+cmr on input line 120.


(D:\CTex\MiKTeX\tex\latex\base\omscmr.fd
File: omscmr.fd 1999/05/25 v2.5h Standard LaTeX font definitions
)
LaTeX Font Info:    Font shape `OMS/cmr/m/n' in size <12> not available
(Font)              Font shape `OMS/cmsy/m/n' tried instead on input line 120.
 [3 <D:/VM250/Final report/Images/treb.jpg>]
Missing character: There is no â in font cmr12!
Missing character: There is no € in font cmr12!
Missing character: There is no ™ in font cmr12!
 [4] <Images/cr.jpg, id=175, 160.09813pt x 107.90312pt>
File: Images/cr.jpg Graphic file (type jpg)

<use Images/cr.jpg>
Package pdftex.def Info: Images/cr.jpg used on input line 141.
(pdftex.def)             Requested size: 215.0023pt x 144.91048pt.
 <Images/qfd.jpg, id=176, 552.56438pt x 327.72438pt>
File: Images/qfd.jpg Graphic file (type jpg)

<use Images/qfd.jpg>
Package pdftex.def Info: Images/qfd.jpg used on input line 151.
(pdftex.def)             Requested size: 430.00462pt x 255.0339pt.
 [5pdfTeX warning (ext4): destination with the same identifier (name{figure.1})
 has been already used, duplicate ignored

\AtBegShi@Output ...ipout \box \AtBeginShipoutBox 
                                                  \fi \fi 
l.154 \subsubsection
                    {Product Design Specifications (PDS)} <D:/VM250/Final repor
t/Images/cr.jpg>]
Underfull \hbox (badness 10000) in paragraph at lines 167--168

 []

[6pdfTeX warning (ext4): destination with the same identifier (name{figure.2}) 
has been already used, duplicate ignored

\AtBegShi@Output ...ipout \box \AtBeginShipoutBox 
                                                  \fi \fi 
l.168 
       <D:/VM250/Final report/Images/qfd.jpg>]
<Images/Concept.png, id=191, 785.93625pt x 542.025pt>
File: Images/Concept.png Graphic file (type png)
 <use Images/Concept.png>
Package pdftex.def Info: Images/Concept.png used on input line 171.
(pdftex.def)             Requested size: 344.005pt x 237.25113pt.

Underfull \hbox (badness 10000) in paragraph at lines 174--175

 []


Underfull \hbox (badness 10000) in paragraph at lines 178--179

 []

[7pdfTeX warning (ext4): destination with the same identifier (name{figure.3}) 
has been already used, duplicate ignored

\AtBegShi@Output ...ipout \box \AtBeginShipoutBox 
                                                  \fi \fi 
l.180 $
       \blacktriangleright$ Container <D:/VM250/Final report/Images/Concept.png
>]
Underfull \hbox (badness 10000) in paragraph at lines 181--182

 []

<Images/Bowlsketch.jpg, id=200, 514.17094pt x 449.42906pt>
File: Images/Bowlsketch.jpg Graphic file (type jpg)

<use Images/Bowlsketch.jpg>
Package pdftex.def Info: Images/Bowlsketch.jpg used on input line 186.
(pdftex.def)             Requested size: 129.00269pt x 112.76158pt.

Underfull \hbox (badness 10000) in paragraph at lines 183--188

 []


Underfull \hbox (badness 10000) in paragraph at lines 189--190

 []


Underfull \hbox (badness 10000) in paragraph at lines 191--192

 []

<Images/Bowl1.jpg, id=201, 314.97675pt x 271.61475pt>
File: Images/Bowl1.jpg Graphic file (type jpg)
 <use Images/Bowl1.jpg>
Package pdftex.def Info: Images/Bowl1.jpg used on input line 196.
(pdftex.def)             Requested size: 159.09961pt x 137.19958pt.

<Images/Bowl2.jpg, id=202, 412.54124pt x 444.4605pt>
File: Images/Bowl2.jpg Graphic file (type jpg)
 <use Images/Bowl2.jpg>
Package pdftex.def Info: Images/Bowl2.jpg used on input line 198.
(pdftex.def)             Requested size: 129.00269pt x 138.98172pt.

[8pdfTeX warning (ext4): destination with the same identifier (name{figure.4}) 
has been already used, duplicate ignored

\AtBegShi@Output ...ipout \box \AtBeginShipoutBox 
                                                  \fi \fi 
l.202 
       <D:/VM250/Final report/Images/Bowlsketch.jpg>]
<Images/Bowl3.jpg, id=209, 944.7797pt x 1135.99406pt>
File: Images/Bowl3.jpg Graphic file (type jpg)
 <use Images/Bowl3.jpg>
Package pdftex.def Info: Images/Bowl3.jpg used on input line 207.
(pdftex.def)             Requested size: 129.00269pt x 155.1033pt.

Underfull \hbox (badness 10000) in paragraph at lines 210--211

 []

<Images/arm.jpg, id=210, 324.7332pt x 100.6962pt>
File: Images/arm.jpg Graphic file (type jpg)
 <use Images/arm.jpg>
Package pdftex.def Info: Images/arm.jpg used on input line 218.
(pdftex.def)             Requested size: 258.00539pt x 80.00699pt.
 [9pdfTeX warning (ext4): destination with the same identifier (name{figure.5})
 has been already used, duplicate ignored

\AtBegShi@Output ...ipout \box \AtBeginShipoutBox 
                                                  \fi \fi 
l.221 ~
       \\pdfTeX warning (ext4): destination with the same identifier (name{figu
re.6}) has been already used, duplicate ignored

\AtBegShi@Output ...ipout \box \AtBeginShipoutBox 
                                                  \fi \fi 
l.221 ~
       \\ <D:/VM250/Final report/Images/Bowl1.jpg> <D:/VM250/Final report/Image
s/Bowl2.jpg> <D:/VM250/Final report/Images/Bowl3.jpg>]
Underfull \hbox (badness 10000) in paragraph at lines 221--222

 []


Underfull \hbox (badness 10000) in paragraph at lines 224--225

 []


Underfull \hbox (badness 10000) in paragraph at lines 225--226

 []

<Images/1.jpg, id=219, 1084.05pt x 1445.4pt>
File: Images/1.jpg Graphic file (type jpg)
 <use Images/1.jpg>
Package pdftex.def Info: Images/1.jpg used on input line 238.
(pdftex.def)             Requested size: 150.50424pt x 200.65639pt.
 [10pdfTeX warning (ext4): destination with the same identifier (name{figure.7}
) has been already used, duplicate ignored

\AtBegShi@Output ...ipout \box \AtBeginShipoutBox 
                                                  \fi \fi 
l.241 
       <D:/VM250/Final report/Images/arm.jpg>]
<Images/Stand.jpg, id=229, 903.375pt x 1202.4925pt>
File: Images/Stand.jpg Graphic file (type jpg)
 <use Images/Stand.jpg>
Package pdftex.def Info: Images/Stand.jpg used on input line 247.
(pdftex.def)             Requested size: 85.9996pt x 114.45815pt.

<Images/711.jpg, id=230, 363.3575pt x 776.9025pt>
File: Images/711.jpg Graphic file (type jpg)
 <use Images/711.jpg>
Package pdftex.def Info: Images/711.jpg used on input line 248.
(pdftex.def)             Requested size: 60.20038pt x 128.70497pt.

Underfull \hbox (badness 10000) in paragraph at lines 251--252

 []

<Images/Lock.jpg, id=231, 314.1336pt x 379.1766pt>
File: Images/Lock.jpg Graphic file (type jpg)
 <use Images/Lock.jpg>
Package pdftex.def Info: Images/Lock.jpg used on input line 257.
(pdftex.def)             Requested size: 171.99922pt x 207.61626pt.

[11pdfTeX warning (ext4): destination with the same identifier (name{figure.8})
 has been already used, duplicate ignored

\AtBegShi@Output ...ipout \box \AtBeginShipoutBox 
                                                  \fi \fi 
l.259 \end{figure}
                  pdfTeX warning (ext4): destination with the same identifier (
name{figure.9}) has been already used, duplicate ignored

\AtBegShi@Output ...ipout \box \AtBeginShipoutBox 
                                                  \fi \fi 
l.259 \end{figure}
                   <D:/VM250/Final report/Images/1.jpg> <D:/VM250/Final report/
Images/Stand.jpg> <D:/VM250/Final report/Images/711.jpg>]
<Images/Elec.jpg, id=240, 1007.26312pt x 1573.37813pt>
File: Images/Elec.jpg Graphic file (type jpg)
 <use Images/Elec.jpg>
Package pdftex.def Info: Images/Elec.jpg used on input line 270.
(pdftex.def)             Requested size: 129.00269pt x 201.49734pt.

Underfull \hbox (badness 10000) in paragraph at lines 267--272

 []

[12pdfTeX warning (ext4): destination with the same identifier (name{figure.10}
) has been already used, duplicate ignored

\AtBegShi@Output ...ipout \box \AtBeginShipoutBox 
                                                  \fi \fi 
l.272 \end{figure}
                   <D:/VM250/Final report/Images/Lock.jpg>]
<Images/2020.jpg, id=249, 552.0625pt x 552.0625pt>
File: Images/2020.jpg Graphic file (type jpg)
 <use Images/2020.jpg>
Package pdftex.def Info: Images/2020.jpg used on input line 285.
(pdftex.def)             Requested size: 129.00269pt x 129.00183pt.

<Images/Angled.jpg, id=250, 798.985pt x 674.52pt>
File: Images/Angled.jpg Graphic file (type jpg)
 <use Images/Angled.jpg>
Package pdftex.def Info: Images/Angled.jpg used on input line 286.
(pdftex.def)             Requested size: 124.69844pt x 105.26997pt.

[13pdfTeX warning (ext4): destination with the same identifier (name{figure.11}
) has been already used, duplicate ignored

\AtBegShi@Output ...ipout \box \AtBeginShipoutBox 
                                                  \fi \fi 
l.290 \par
           On the front of the throwing part, we added an component that can...
 <D:/VM250/Final report/Images/Elec.jpg>]
<Images/SH1.png, id=260, 240.9pt x 216.20775pt>
File: Images/SH1.png Graphic file (type png)
 <use Images/SH1.png>
Package pdftex.def Info: Images/SH1.png used on input line 294.
(pdftex.def)             Requested size: 167.70154pt x 150.51631pt.

<Images/SH2.png, id=261, 280.04625pt x 436.029pt>
File: Images/SH2.png Graphic file (type png)
 <use Images/SH2.png>
Package pdftex.def Info: Images/SH2.png used on input line 295.
(pdftex.def)             Requested size: 95.89412pt x 149.30576pt.

<Images/SH3.jpg, id=262, 391.4625pt x 454.0965pt>
File: Images/SH3.jpg Graphic file (type jpg)
 <use Images/SH3.jpg>
Package pdftex.def Info: Images/SH3.jpg used on input line 296.
(pdftex.def)             Requested size: 129.00269pt x 149.64442pt.

<Images/Limit.jpg, id=263, 3982.88pt x 2987.16pt>
File: Images/Limit.jpg Graphic file (type jpg)
 <use Images/Limit.jpg>
Package pdftex.def Info: Images/Limit.jpg used on input line 302.
(pdftex.def)             Requested size: 215.0023pt x 161.21764pt.

<Images/6.jpg, id=264, 1084.05pt x 1632.0975pt>
File: Images/6.jpg Graphic file (type jpg)
 <use Images/6.jpg>
Package pdftex.def Info: Images/6.jpg used on input line 303.
(pdftex.def)             Requested size: 129.00269pt x 194.1996pt.

Underfull \hbox (badness 10000) in paragraph at lines 299--305

 []

[14pdfTeX warning (ext4): destination with the same identifier (name{figure.12}
) has been already used, duplicate ignored

\AtBegShi@Output ...ipout \box \AtBeginShipoutBox 
                                                  \fi \fi 
l.306 ~
       \\pdfTeX warning (ext4): destination with the same identifier (name{figu
re.13}) has been already used, duplicate ignored

\AtBegShi@Output ...ipout \box \AtBeginShipoutBox 
                                                  \fi \fi 
l.306 ~
       \\pdfTeX warning (ext4): destination with the same identifier (name{figu
re.14}) has been already used, duplicate ignored

\AtBegShi@Output ...ipout \box \AtBeginShipoutBox 
                                                  \fi \fi 
l.306 ~
       \\ <D:/VM250/Final report/Images/2020.jpg> <D:/VM250/Final report/Images
/Angled.jpg> <D:/VM250/Final report/Images/SH1.png> <D:/VM250/Final report/Imag
es/SH2.png> <D:/VM250/Final report/Images/SH3.jpg>]
Underfull \hbox (badness 10000) in paragraph at lines 306--307

 []

<Images/Screw3.jpg, id=279, 470.7186pt x 174.8934pt>
File: Images/Screw3.jpg Graphic file (type jpg)
 <use Images/Screw3.jpg>
Package pdftex.def Info: Images/Screw3.jpg used on input line 313.
(pdftex.def)             Requested size: 258.00539pt x 95.86609pt.

<Images/Overall.jpg, id=280, 651.3936pt x 516.0078pt>
File: Images/Overall.jpg Graphic file (type jpg)
 <use Images/Overall.jpg>
Package pdftex.def Info: Images/Overall.jpg used on input line 324.
(pdftex.def)             Requested size: 258.00539pt x 204.3838pt.

[15pdfTeX warning (ext4): destination with the same identifier (name{figure.15}
) has been already used, duplicate ignored

\AtBegShi@Output ...ipout \box \AtBeginShipoutBox 
                                                  \fi \fi 
l.326 \end{figure}
                  pdfTeX warning (ext4): destination with the same identifier (
name{figure.16}) has been already used, duplicate ignored

\AtBegShi@Output ...ipout \box \AtBeginShipoutBox 
                                                  \fi \fi 
l.326 \end{figure}
                   <D:/VM250/Final report/Images/Limit.jpg> <D:/VM250/Final rep
ort/Images/6.jpg> <D:/VM250/Final report/Images/Screw3.jpg>]
<Images/Con1.png, id=290, 577.55775pt x 373.99725pt>
File: Images/Con1.png Graphic file (type png)
 <use Images/Con1.png>
Package pdftex.def Info: Images/Con1.png used on input line 330.
(pdftex.def)             Requested size: 258.00539pt x 167.07596pt.

Underfull \hbox (badness 10000) in paragraph at lines 334--335

 []

[16pdfTeX warning (ext4): destination with the same identifier (name{figure.17}
) has been already used, duplicate ignored

\AtBegShi@Output ...ipout \box \AtBeginShipoutBox 
                                                  \fi \fi 
l.362 
      pdfTeX warning (ext4): destination with the same identifier (name{figure.
18}) has been already used, duplicate ignored

\AtBegShi@Output ...ipout \box \AtBeginShipoutBox 
                                                  \fi \fi 
l.362 
       <D:/VM250/Final report/Images/Overall.jpg> <D:/VM250/Final report/Images
/Con1.png>] <Images/board1.jpg, id=299, 645.16031pt x 460.72125pt>
File: Images/board1.jpg Graphic file (type jpg)

<use Images/board1.jpg>
Package pdftex.def Info: Images/board1.jpg used on input line 395.
(pdftex.def)             Requested size: 258.00539pt x 184.24304pt.
 [17pdfTeX warning (ext4): destination with the same identifier (name{table.1})
 has been already used, duplicate ignored

\AtBegShi@Output ...ipout \box \AtBeginShipoutBox 
                                                  \fi \fi 
l.398 
      pdfTeX warning (ext4): destination with the same identifier (name{table.2
}) has been already used, duplicate ignored

\AtBegShi@Output ...ipout \box \AtBeginShipoutBox 
                                                  \fi \fi 
l.398 
      ] <Images/Moving.jpg, id=308, 567.92175pt x 278.84175pt>
File: Images/Moving.jpg Graphic file (type jpg)

<use Images/Moving.jpg>
Package pdftex.def Info: Images/Moving.jpg used on input line 403.
(pdftex.def)             Requested size: 258.00539pt x 126.67746pt.
 [18pdfTeX warning (ext4): destination with the same identifier (name{figure.19
}) has been already used, duplicate ignored

\AtBegShi@Output ...ipout \box \AtBeginShipoutBox 
                                                  \fi \fi 
l.409 
      pdfTeX warning (ext4): destination with the same identifier (name{figure.
20}) has been already used, duplicate ignored

\AtBegShi@Output ...ipout \box \AtBeginShipoutBox 
                                                  \fi \fi 
l.409 
       <D:/VM250/Final report/Images/board1.jpg> <D:/VM250/Final report/Images/
Moving.jpg>]
File: Images/Screw3.jpg Graphic file (type jpg)
 <use Images/Screw3.jpg>
Package pdftex.def Info: Images/Screw3.jpg used on input line 412.
(pdftex.def)             Requested size: 215.0023pt x 79.88351pt.

<Images/Up2.jpg, id=318, 432.1746pt x 537.6888pt>
File: Images/Up2.jpg Graphic file (type jpg)
 <use Images/Up2.jpg>
Package pdftex.def Info: Images/Up2.jpg used on input line 413.
(pdftex.def)             Requested size: 129.00269pt x 160.49564pt.

<Images/Stand1.jpg, id=319, 251.9814pt x 267.8808pt>
File: Images/Stand1.jpg Graphic file (type jpg)
 <use Images/Stand1.jpg>
Package pdftex.def Info: Images/Stand1.jpg used on input line 422.
(pdftex.def)             Requested size: 215.0023pt x 228.57857pt.

[19pdfTeX warning (ext4): destination with the same identifier (name{figure.21}
) has been already used, duplicate ignored

\AtBegShi@Output ...ipout \box \AtBeginShipoutBox 
                                                  \fi \fi 
l.425 
       <D:/VM250/Final report/Images/Up2.jpg>]
Underfull \hbox (badness 10000) in paragraph at lines 427--428

 []

[20pdfTeX warning (ext4): destination with the same identifier (name{figure.22}
) has been already used, duplicate ignored

\AtBegShi@Output ...ipout \box \AtBeginShipoutBox 
                                                  \fi \fi 
l.441 \end{itemize}
                    <D:/VM250/Final report/Images/Stand1.jpg>]
<Images/circuit.png, id=335, 588.69937pt x 355.3275pt>
File: Images/circuit.png Graphic file (type png)

<use Images/circuit.png>
Package pdftex.def Info: Images/circuit.png used on input line 445.
(pdftex.def)             Requested size: 236.50385pt x 142.74657pt.
 <Images/ps2.png, id=336, 234.8775pt x 234.1247pt>
File: Images/ps2.png Graphic file (type png)

<use Images/ps2.png>
Package pdftex.def Info: Images/ps2.png used on input line 446.
(pdftex.def)             Requested size: 129.00269pt x 128.58678pt.
File: Images/arm.jpg Graphic file (type jpg)
 <use Images/arm.jpg>
Package pdftex.def Info: Images/arm.jpg used on input line 455.
(pdftex.def)             Requested size: 215.0023pt x 66.67172pt.
 [21pdfTeX warning (ext4): destination with the same identifier (name{figure.23
}) has been already used, duplicate ignored

\AtBegShi@Output ...ipout \box \AtBeginShipoutBox 
                                                  \fi \fi 
l.467 
      pdfTeX warning (ext4): destination with the same identifier (name{figure.
24}) has been already used, duplicate ignored

\AtBegShi@Output ...ipout \box \AtBeginShipoutBox 
                                                  \fi \fi 
l.467 
       <D:/VM250/Final report/Images/circuit.png> <D:/VM250/Final report/Images
/ps2.png>] <Images/5.jpg, id=348, 1273.75874pt x 1084.05pt>
File: Images/5.jpg Graphic file (type jpg)
 <use Images/5.jpg>
Package pdftex.def Info: Images/5.jpg used on input line 470.
(pdftex.def)             Requested size: 171.99922pt x 146.37352pt.

<Images/wheel1.jpg, id=349, 2530.95563pt x 1728.4575pt>
File: Images/wheel1.jpg Graphic file (type jpg)

<use Images/wheel1.jpg>
Package pdftex.def Info: Images/wheel1.jpg used on input line 479.
(pdftex.def)             Requested size: 215.0023pt x 146.82463pt.
 [22pdfTeX warning (ext4): destination with the same identifier (name{figure.25
}) has been already used, duplicate ignored

\AtBegShi@Output ...ipout \box \AtBeginShipoutBox 
                                                  \fi \fi 
l.482 
       <D:/VM250/Final report/Images/5.jpg>]
<Images/wheel2.jpg, id=357, 1313.50725pt x 1033.461pt>
File: Images/wheel2.jpg Graphic file (type jpg)
 <use Images/wheel2.jpg>
Package pdftex.def Info: Images/wheel2.jpg used on input line 486.
(pdftex.def)             Requested size: 215.0023pt x 169.15755pt.

<Images/stick.jpg, id=358, 2987.16pt x 3982.88pt>
File: Images/stick.jpg Graphic file (type jpg)
 <use Images/stick.jpg>
Package pdftex.def Info: Images/stick.jpg used on input line 496.
(pdftex.def)             Requested size: 171.99922pt x 229.29945pt.

[23pdfTeX warning (ext4): destination with the same identifier (name{figure.26}
) has been already used, duplicate ignored

\AtBegShi@Output ...ipout \box \AtBeginShipoutBox 
                                                  \fi \fi 
l.499 
      pdfTeX warning (ext4): destination with the same identifier (name{figure.
27}) has been already used, duplicate ignored

\AtBegShi@Output ...ipout \box \AtBeginShipoutBox 
                                                  \fi \fi 
l.499 
       <D:/VM250/Final report/Images/wheel1.jpg> <D:/VM250/Final report/Images/
wheel2.jpg>] <Images/sti.jpg, id=366, 3982.88pt x 2987.16pt>
File: Images/sti.jpg Graphic file (type jpg)

<use Images/sti.jpg>
Package pdftex.def Info: Images/sti.jpg used on input line 503.
(pdftex.def)             Requested size: 215.0023pt x 161.21764pt.
 <Images/Screw2.jpg, id=367, 227.8914pt x 470.7186pt>
File: Images/Screw2.jpg Graphic file (type jpg)

<use Images/Screw2.jpg>
Package pdftex.def Info: Images/Screw2.jpg used on input line 509.
(pdftex.def)             Requested size: 171.99922pt x 355.26466pt.
 [24pdfTeX warning (ext4): destination with the same identifier (name{figure.28
}) has been already used, duplicate ignored

\AtBegShi@Output ...ipout \box \AtBeginShipoutBox 
                                                  \fi \fi 
l.512 
      pdfTeX warning (ext4): destination with the same identifier (name{figure.
29}) has been already used, duplicate ignored

\AtBegShi@Output ...ipout \box \AtBeginShipoutBox 
                                                  \fi \fi 
l.512 
       <D:/VM250/Final report/Images/stick.jpg> <D:/VM250/Final report/Images/s
ti.jpg>] <Images/shaft.jpg, id=374, 288.3272pt x 384.6872pt>
File: Images/shaft.jpg Graphic file (type jpg)

<use Images/shaft.jpg>
Package pdftex.def Info: Images/shaft.jpg used on input line 517.
(pdftex.def)             Requested size: 129.00269pt x 172.12149pt.
 [25pdfTeX warning (ext4): destination with the same identifier (name{figure.30
}) has been already used, duplicate ignored

\AtBegShi@Output ...ipout \box \AtBeginShipoutBox 
                                                  \fi \fi 
l.519 
       <D:/VM250/Final report/Images/Screw2.jpg>]
<Images/21.jpg, id=382, 1254.48676pt x 950.95274pt>
File: Images/21.jpg Graphic file (type jpg)
 <use Images/21.jpg>
Package pdftex.def Info: Images/21.jpg used on input line 523.
(pdftex.def)             Requested size: 171.99922pt x 130.3755pt.
File: Images/711.jpg Graphic file (type jpg)

<use Images/711.jpg>
Package pdftex.def Info: Images/711.jpg used on input line 529.
(pdftex.def)             Requested size: 60.20038pt x 128.70497pt.
 [26 <D:/VM250/Final report/Images/shaft.jpg> <D:/VM250/Final report/Images/21.
jpg>] <Images/ass.jpg, id=387, 2987.16pt x 3982.88pt>
File: Images/ass.jpg Graphic file (type jpg)

<use Images/ass.jpg>
Package pdftex.def Info: Images/ass.jpg used on input line 535.
(pdftex.def)             Requested size: 171.99922pt x 229.29945pt.
 <Images/3.jpg, id=388, 1084.05pt x 1887.05pt>
File: Images/3.jpg Graphic file (type jpg)

<use Images/3.jpg>
Package pdftex.def Info: Images/3.jpg used on input line 546.
(pdftex.def)             Requested size: 150.50424pt x 261.96806pt.
 [27pdfTeX warning (ext4): destination with the same identifier (name{figure.31
}) has been already used, duplicate ignored

\AtBegShi@Output ...ipout \box \AtBeginShipoutBox 
                                                  \fi \fi 
l.547 \end{figure}
                  pdfTeX warning (ext4): destination with the same identifier (
name{figure.32}) has been already used, duplicate ignored

\AtBegShi@Output ...ipout \box \AtBeginShipoutBox 
                                                  \fi \fi 
l.547 \end{figure}
                   <D:/VM250/Final report/Images/ass.jpg>]
File: Images/6.jpg Graphic file (type jpg)
 <use Images/6.jpg>
Package pdftex.def Info: Images/6.jpg used on input line 552.
(pdftex.def)             Requested size: 150.50424pt x 226.5745pt.

[28 <D:/VM250/Final report/Images/3.jpg>]
File: Images/Car1.png Graphic file (type png)
 <use Images/Car1.png>
Package pdftex.def Info: Images/Car1.png used on input line 558.
(pdftex.def)             Requested size: 171.99922pt x 172.80334pt.
 [29pdfTeX warning (ext4): destination with the same identifier (name{figure.33
}) has been already used, duplicate ignored

\AtBegShi@Output ...ipout \box \AtBeginShipoutBox 
                                                  \fi \fi 
l.568 \item D
             own: Tighten the sringpdfTeX warning (ext4): destination with the 
same identifier (name{figure.34}) has been already used, duplicate ignored

\AtBegShi@Output ...ipout \box \AtBeginShipoutBox 
                                                  \fi \fi 
l.568 \item D
             own: Tighten the sring]
File: Images/circuit.png Graphic file (type png)
 <use Images/circuit.png>
Package pdftex.def Info: Images/circuit.png used on input line 583.
(pdftex.def)             Requested size: 301.00192pt x 181.6809pt.

<Images/table.jpg, id=406, 1545.3735pt x 1810.3635pt>
File: Images/table.jpg Graphic file (type jpg)
 <use Images/table.jpg>
Package pdftex.def Info: Images/table.jpg used on input line 593.
(pdftex.def)             Requested size: 430.00462pt x 503.72157pt.

[30pdfTeX warning (ext4): destination with the same identifier (name{figure.35}
) has been already used, duplicate ignored

\AtBegShi@Output ...ipout \box \AtBeginShipoutBox 
                                                  \fi \fi 
l.595 
      ] [31 <D:/VM250/Final report/Images/table.jpg>] [32]
File: Images/Lock.jpg Graphic file (type jpg)

<use Images/Lock.jpg>
Package pdftex.def Info: Images/Lock.jpg used on input line 689.
(pdftex.def)             Requested size: 129.00269pt x 155.71219pt.
File: Images/6.jpg Graphic file (type jpg)
 <use Images/6.jpg>
Package pdftex.def Info: Images/6.jpg used on input line 699.
(pdftex.def)             Requested size: 129.00269pt x 194.1996pt.

<Images/233.jpg, id=429, 1084.05pt x 1445.4pt>
File: Images/233.jpg Graphic file (type jpg)
 <use Images/233.jpg>
Package pdftex.def Info: Images/233.jpg used on input line 700.
(pdftex.def)             Requested size: 137.60461pt x 183.45348pt.
 [33pdfTeX warning (ext4): destination with the same identifier (name{figure.36
}) has been already used, duplicate ignored

\AtBegShi@Output ...ipout \box \AtBeginShipoutBox 
                                                  \fi \fi 
l.702 \end{figure}
                  ] <Images/71.jpg, id=440, 2563.5775pt x 1084.05pt>
File: Images/71.jpg Graphic file (type jpg)

<use Images/71.jpg>
Package pdftex.def Info: Images/71.jpg used on input line 712.
(pdftex.def)             Requested size: 301.00192pt x 127.26837pt.
 [34pdfTeX warning (ext4): destination with the same identifier (name{figure.37
}) has been already used, duplicate ignored

\AtBegShi@Output ...ipout \box \AtBeginShipoutBox 
                                                  \fi \fi 
l.715 
       <D:/VM250/Final report/Images/233.jpg>]
<Images/2.jpg, id=450, 602.25pt x 1063.975pt>
File: Images/2.jpg Graphic file (type jpg)
 <use Images/2.jpg>
Package pdftex.def Info: Images/2.jpg used on input line 725.
(pdftex.def)             Requested size: 107.50114pt x 189.91621pt.

<Images/50.jpg, id=451, 393.72093pt x 1084.05pt>
File: Images/50.jpg Graphic file (type jpg)
 <use Images/50.jpg>
Package pdftex.def Info: Images/50.jpg used on input line 726.
(pdftex.def)             Requested size: 57.18872pt x 157.45615pt.

<Images/51.jpg, id=452, 294.34969pt x 1075.01625pt>
File: Images/51.jpg Graphic file (type jpg)
 <use Images/51.jpg>
Package pdftex.def Info: Images/51.jpg used on input line 727.
(pdftex.def)             Requested size: 43.00308pt x 157.0462pt.

<Images/52.jpg, id=453, 316.18124pt x 1074.26344pt>
File: Images/52.jpg Graphic file (type jpg)
 <use Images/52.jpg>
Package pdftex.def Info: Images/52.jpg used on input line 728.
(pdftex.def)             Requested size: 46.44122pt x 157.7886pt.

[35pdfTeX warning (ext4): destination with the same identifier (name{figure.38}
) has been already used, duplicate ignored

\AtBegShi@Output ...ipout \box \AtBeginShipoutBox 
                                                  \fi \fi 
l.731 
       <D:/VM250/Final report/Images/71.jpg>]
File: Images/711.jpg Graphic file (type jpg)
 <use Images/711.jpg>
Package pdftex.def Info: Images/711.jpg used on input line 737.
(pdftex.def)             Requested size: 85.9996pt x 183.87611pt.

<Images/54.jpg, id=460, 790.45313pt x 314.67563pt>
File: Images/54.jpg Graphic file (type jpg)
 <use Images/54.jpg>
Package pdftex.def Info: Images/54.jpg used on input line 746.
(pdftex.def)             Requested size: 171.99922pt x 68.4702pt.
 [36pdfTeX warning (ext4): destination with the same identifier (name{figure.39
}) has been already used, duplicate ignored

\AtBegShi@Output ...ipout \box \AtBeginShipoutBox 
                                                  \fi \fi 
l.748 \end{figure}
                  pdfTeX warning (ext4): destination with the same identifier (
name{figure.40}) has been already used, duplicate ignored

\AtBegShi@Output ...ipout \box \AtBeginShipoutBox 
                                                  \fi \fi 
l.748 \end{figure}
                   <D:/VM250/Final report/Images/2.jpg> <D:/VM250/Final report/
Images/50.jpg> <D:/VM250/Final report/Images/51.jpg> <D:/VM250/Final report/Ima
ges/52.jpg>]
File: Images/3.jpg Graphic file (type jpg)
 <use Images/3.jpg>
Package pdftex.def Info: Images/3.jpg used on input line 755.
(pdftex.def)             Requested size: 103.20346pt x 179.64594pt.
File: Images/233.jpg Graphic file (type jpg)
 <use Images/233.jpg>
Package pdftex.def Info: Images/233.jpg used on input line 756.
(pdftex.def)             Requested size: 137.60461pt x 183.45348pt.
 [37pdfTeX warning (ext4): destination with the same identifier (name{figure.41
}) has been already used, duplicate ignored

\AtBegShi@Output ...ipout \box \AtBeginShipoutBox 
                                                  \fi \fi 
l.762 
      pdfTeX warning (ext4): destination with the same identifier (name{figure.
42}) has been already used, duplicate ignored

\AtBegShi@Output ...ipout \box \AtBeginShipoutBox 
                                                  \fi \fi 
l.762 
       <D:/VM250/Final report/Images/54.jpg>]
<Images/11.jpg, id=481, 1084.05pt x 1445.4pt>
File: Images/11.jpg Graphic file (type jpg)
 <use Images/11.jpg>
Package pdftex.def Info: Images/11.jpg used on input line 765.
(pdftex.def)             Requested size: 129.00269pt x 171.98488pt.
 [38pdfTeX warning (ext4): destination with the same identifier (name{figure.43
}) has been already used, duplicate ignored

\AtBegShi@Output ...ipout \box \AtBeginShipoutBox 
                                                  \fi \fi 
l.779 \section
              {References} <D:/VM250/Final report/Images/11.jpg>]
Overfull \hbox (55.81538pt too wide) in paragraph at lines 781--782
[]\OT1/cmr/m/n/12 Basic Ar-duino PS2X con-trol-ling code. []$\OT1/cmtt/m/n/12 h
ttps : / / github . com / madsci1016 / Arduino-[]PS2X /
 []


Underfull \hbox (badness 10000) in paragraph at lines 786--787

 []


Underfull \hbox (badness 10000) in paragraph at lines 788--789

 []

[39]
LaTeX Font Info:    Try loading font information for OML+cmr on input line 799.

 (D:\CTex\MiKTeX\tex\latex\base\omlcmr.fd
File: omlcmr.fd 1999/05/25 v2.5h Standard LaTeX font definitions
)
LaTeX Font Info:    Font shape `OML/cmr/m/n' in size <12> not available
(Font)              Font shape `OML/cmm/m/it' tried instead on input line 799.
LaTeX Font Info:    Font shape `OMS/cmr/m/it' in size <12> not available
(Font)              Font shape `OMS/cmsy/m/n' tried instead on input line 800.
 [40] [41] [42]
LaTeX Font Info:    Font shape `OMS/cmr/m/sl' in size <12> not available
(Font)              Font shape `OMS/cmsy/m/n' tried instead on input line 929.
 [43]
LaTeX Font Info:    Font shape `OML/cmr/m/it' in size <12> not available
(Font)              Font shape `OML/cmm/m/it' tried instead on input line 984.
 [44]
Package atveryend Info: Empty hook `BeforeClearDocument' on input line 1022.

[45]
Package atveryend Info: Empty hook `AfterLastShipout' on input line 1022.
 ("D:\VM250\Final report\Group 1 Final Report.aux")
Package atveryend Info: Executing hook `AtVeryEndDocument' on input line 1022.
Package atveryend Info: Executing hook `AtEndAfterFileList' on input line 1022.

Package rerunfilecheck Info: File `Group*1*Final*Report.out' has not changed.
(rerunfilecheck)             Checksum: <no file>.
 ) 
Here is how much of TeX's memory you used:
 9092 strings out of 495285
 127090 string characters out of 3181709
 278458 words of memory out of 3000000
 11701 multiletter control sequences out of 15000+200000
 17931 words of font info for 66 fonts, out of 3000000 for 9000
 14 hyphenation exceptions out of 8191
 29i,9n,49p,774b,1797s stack positions out of 5000i,500n,10000p,200000b,50000s
<D:/CTex/MiKTeX/fonts/type1/public/amsfonts/cm/cmbx10.pfb><D:/CTex/MiKTeX/fon
ts/type1/public/amsfonts/cm/cmbx12.pfb><D:/CTex/MiKTeX/fonts/type1/public/amsfo
nts/cm/cmcsc10.pfb><D:/CTex/MiKTeX/fonts/type1/public/amsfonts/cm/cmmi12.pfb><D
:/CTex/MiKTeX/fonts/type1/public/amsfonts/cm/cmmi8.pfb><D:/CTex/MiKTeX/fonts/ty
pe1/public/amsfonts/cm/cmr10.pfb><D:/CTex/MiKTeX/fonts/type1/public/amsfonts/cm
/cmr12.pfb><D:/CTex/MiKTeX/fonts/type1/public/amsfonts/cm/cmr8.pfb><D:/CTex/MiK
TeX/fonts/type1/public/amsfonts/cm/cmsl12.pfb><D:/CTex/MiKTeX/fonts/type1/publi
c/amsfonts/cm/cmsy10.pfb><D:/CTex/MiKTeX/fonts/type1/public/amsfonts/cm/cmti10.
pfb><D:/CTex/MiKTeX/fonts/type1/public/amsfonts/cm/cmti12.pfb><D:/CTex/MiKTeX/f
onts/type1/public/amsfonts/cm/cmtt12.pfb><D:/CTex/MiKTeX/fonts/type1/public/ams
fonts/symbols/msam10.pfb>
Output written on "Group 1 Final Report.pdf" (45 pages, 18493937 bytes).
PDF statistics:
 878 PDF objects out of 1000 (max. 8388607)
 410 named destinations out of 1000 (max. 500000)
 480 words of extra memory for PDF output out of 10000 (max. 10000000)

